<?xml version="1.0" encoding="UTF-8"?>
<testsuite xmlns:xsi="http://www.w3.org/2001/XMLSchema-instance" xsi:noNamespaceSchemaLocation="https://maven.apache.org/surefire/maven-surefire-plugin/xsd/surefire-test-report.xsd" name="cn.bj.TestMybatis" time="1.817" tests="2" errors="2" skipped="0" failures="0">
  <properties>
    <property name="sun.desktop" value="windows"/>
    <property name="awt.toolkit" value="sun.awt.windows.WToolkit"/>
    <property name="file.encoding.pkg" value="sun.io"/>
    <property name="java.specification.version" value="1.8"/>
    <property name="sun.cpu.isalist" value="amd64"/>
    <property name="sun.jnu.encoding" value="GBK"/>
    <property name="java.class.path" value="E:\mybatis-course\ch03-proxy-dao\target\test-classes;E:\mybatis-course\ch03-proxy-dao\target\classes;E:\maven_work\repository\junit\junit\4.11\junit-4.11.jar;E:\maven_work\repository\org\hamcrest\hamcrest-core\1.3\hamcrest-core-1.3.jar;E:\maven_work\repository\org\mybatis\mybatis\3.5.1\mybatis-3.5.1.jar;E:\maven_work\repository\mysql\mysql-connector-java\5.1.44\mysql-connector-java-5.1.44.jar;"/>
    <property name="java.vm.vendor" value="Oracle Corporation"/>
    <property name="sun.arch.data.model" value="64"/>
    <property name="user.variant" value=""/>
    <property name="java.vendor.url" value="http://java.oracle.com/"/>
    <property name="user.timezone" value="Asia/Shanghai"/>
    <property name="java.vm.specification.version" value="1.8"/>
    <property name="os.name" value="Windows 10"/>
    <property name="user.country" value="CN"/>
    <property name="sun.java.launcher" value="SUN_STANDARD"/>
    <property name="sun.boot.library.path" value="C:\Program Files\Java\jdk1.8.0_131\jre\bin"/>
    <property name="sun.java.command" value="C:\Users\Wj\AppData\Local\Temp\surefire7452872904179112863\surefirebooter1767894787215577956.jar C:\Users\Wj\AppData\Local\Temp\surefire7452872904179112863 2021-06-28T13-16-43_400-jvmRun1 surefire8605685235726256778tmp surefire_02233358199294201982tmp"/>
    <property name="surefire.test.class.path" value="E:\mybatis-course\ch03-proxy-dao\target\test-classes;E:\mybatis-course\ch03-proxy-dao\target\classes;E:\maven_work\repository\junit\junit\4.11\junit-4.11.jar;E:\maven_work\repository\org\hamcrest\hamcrest-core\1.3\hamcrest-core-1.3.jar;E:\maven_work\repository\org\mybatis\mybatis\3.5.1\mybatis-3.5.1.jar;E:\maven_work\repository\mysql\mysql-connector-java\5.1.44\mysql-connector-java-5.1.44.jar;"/>
    <property name="sun.cpu.endian" value="little"/>
    <property name="user.home" value="C:\Users\Wj"/>
    <property name="user.language" value="zh"/>
    <property name="java.specification.vendor" value="Oracle Corporation"/>
    <property name="java.home" value="C:\Program Files\Java\jdk1.8.0_131\jre"/>
    <property name="basedir" value="E:\mybatis-course\ch03-proxy-dao"/>
    <property name="file.separator" value="\"/>
    <property name="line.separator" value="&#10;"/>
    <property name="java.vm.specification.vendor" value="Oracle Corporation"/>
    <property name="java.specification.name" value="Java Platform API Specification"/>
    <property name="java.awt.graphicsenv" value="sun.awt.Win32GraphicsEnvironment"/>
    <property name="surefire.real.class.path" value="C:\Users\Wj\AppData\Local\Temp\surefire7452872904179112863\surefirebooter1767894787215577956.jar"/>
    <property name="sun.boot.class.path" value="C:\Program Files\Java\jdk1.8.0_131\jre\lib\resources.jar;C:\Program Files\Java\jdk1.8.0_131\jre\lib\rt.jar;C:\Program Files\Java\jdk1.8.0_131\jre\lib\sunrsasign.jar;C:\Program Files\Java\jdk1.8.0_131\jre\lib\jsse.jar;C:\Program Files\Java\jdk1.8.0_131\jre\lib\jce.jar;C:\Program Files\Java\jdk1.8.0_131\jre\lib\charsets.jar;C:\Program Files\Java\jdk1.8.0_131\jre\lib\jfr.jar;C:\Program Files\Java\jdk1.8.0_131\jre\classes"/>
    <property name="user.script" value=""/>
    <property name="sun.management.compiler" value="HotSpot 64-Bit Tiered Compilers"/>
    <property name="java.runtime.version" value="1.8.0_131-b11"/>
    <property name="user.name" value="Wj"/>
    <property name="path.separator" value=";"/>
    <property name="os.version" value="10.0"/>
    <property name="java.endorsed.dirs" value="C:\Program Files\Java\jdk1.8.0_131\jre\lib\endorsed"/>
    <property name="java.runtime.name" value="Java(TM) SE Runtime Environment"/>
    <property name="file.encoding" value="GBK"/>
    <property name="java.vm.name" value="Java HotSpot(TM) 64-Bit Server VM"/>
    <property name="localRepository" value="E:\maven_work\repository"/>
    <property name="java.vendor.url.bug" value="http://bugreport.sun.com/bugreport/"/>
    <property name="java.io.tmpdir" value="C:\Users\Wj\AppData\Local\Temp\"/>
    <property name="idea.version" value="2021.1"/>
    <property name="java.version" value="1.8.0_131"/>
    <property name="user.dir" value="E:\mybatis-course\ch03-proxy-dao"/>
    <property name="os.arch" value="amd64"/>
    <property name="java.vm.specification.name" value="Java Virtual Machine Specification"/>
    <property name="java.awt.printerjob" value="sun.awt.windows.WPrinterJob"/>
    <property name="sun.os.patch.level" value=""/>
    <property name="java.library.path" value="C:\Program Files\Java\jdk1.8.0_131\jre\bin;C:\Windows\Sun\Java\bin;C:\Windows\system32;C:\Windows;C:\ProgramData\Oracle\Java\javapath;C:\Windows\system32;C:\Windows;C:\Windows\System32\Wbem;C:\Windows\System32\WindowsPowerShell\v1.0\;C:\Windows\System32\OpenSSH\;C:\Program Files (x86)\Microsoft SQL Server\100\Tools\Binn\;C:\Program Files\Microsoft SQL Server\100\Tools\Binn\;C:\Program Files\Microsoft SQL Server\100\DTS\Binn\;C:\Program Files (x86)\Microsoft SQL Server\100\Tools\Binn\VSShell\Common7\IDE\;C:\Program Files (x86)\Microsoft Visual Studio 9.0\Common7\IDE\PrivateAssemblies\;C:\Program Files (x86)\Microsoft SQL Server\100\DTS\Binn\;C:\Program Files\Java\jdk1.8.0_131\bin;C:\Program Files\Git\cmd;C:\Program Files\TortoiseGit\bin;C:\Program Files\dotnet\;C:\Program Files\Microsoft SQL Server\130\Tools\Binn\;C:\Program Files\Microsoft SQL Server\Client SDK\ODBC\170\Tools\Binn\;C:\Program Files\MySQL\MySQL Server 8.0\bin;E:\maven_work\apache-maven-3.3.9\bin;C:\Program Files\MySQL\MySQL Server 5.7\bin;C:\Users\Wj\AppData\Local\Microsoft\WindowsApps;C:\Users\Wj\.dotnet\tools;C:\Program Files\JetBrains\PyCharm 2019.3.3\bin;;C:\Program Files\JetBrains\IntelliJ IDEA 2021.1\bin;;."/>
    <property name="java.vm.info" value="mixed mode"/>
    <property name="java.vendor" value="Oracle Corporation"/>
    <property name="java.vm.version" value="25.131-b11"/>
    <property name="java.ext.dirs" value="C:\Program Files\Java\jdk1.8.0_131\jre\lib\ext;C:\Windows\Sun\Java\lib\ext"/>
    <property name="sun.io.unicode.encoding" value="UnicodeLittle"/>
    <property name="java.class.version" value="52.0"/>
  </properties>
  <testcase name="testInserStudent" classname="cn.bj.TestMybatis" time="1.736">
    <error message="&#10;### Error updating database.  Cause: com.mysql.jdbc.exceptions.jdbc4.MySQLSyntaxErrorException: Table &apos;sys.student&apos; doesn&apos;t exist&#10;### The error may exist in cn/bj/dao/StudentDao.xml&#10;### The error may involve defaultParameterMap&#10;### The error occurred while setting parameters&#10;### SQL: insert into student values(?,?,?,?);&#10;### Cause: com.mysql.jdbc.exceptions.jdbc4.MySQLSyntaxErrorException: Table &apos;sys.student&apos; doesn&apos;t exist" type="org.apache.ibatis.exceptions.PersistenceException">org.apache.ibatis.exceptions.PersistenceException: 

### Error updating database.  Cause: com.mysql.jdbc.exceptions.jdbc4.MySQLSyntaxErrorException: Table 'sys.student' doesn't exist
### The error may exist in cn/bj/dao/StudentDao.xml
### The error may involve defaultParameterMap
### The error occurred while setting parameters
### SQL: insert into student values(?,?,?,?);
### Cause: com.mysql.jdbc.exceptions.jdbc4.MySQLSyntaxErrorException: Table 'sys.student' doesn't exist
	at cn.bj.TestMybatis.testInserStudent(TestMybatis.java:103)
Caused by: com.mysql.jdbc.exceptions.jdbc4.MySQLSyntaxErrorException: Table 'sys.student' doesn't exist
	at cn.bj.TestMybatis.testInserStudent(TestMybatis.java:103)
</error>
    <system-out><![CDATA[Logging initialized using 'class org.apache.ibatis.logging.stdout.StdOutImpl' adapter.
PooledDataSource forcefully closed/removed all connections.
PooledDataSource forcefully closed/removed all connections.
PooledDataSource forcefully closed/removed all connections.
PooledDataSource forcefully closed/removed all connections.
Opening JDBC Connection
Created connection 1485697819.
Setting autocommit to false on JDBC Connection [com.mysql.jdbc.JDBC4Connection@588df31b]
==>  Preparing: insert into student values(?,?,?,?); 
==> Parameters: 1006(Integer), 盾山(String), dunshan@qq.com(String), 20(Integer)
]]></system-out>
    <system-err><![CDATA[Mon Jun 28 13:16:51 CST 2021 WARN: Establishing SSL connection without server's identity verification is not recommended. According to MySQL 5.5.45+, 5.6.26+ and 5.7.6+ requirements SSL connection must be established by default if explicit option isn't set. For compliance with existing applications not using SSL the verifyServerCertificate property is set to 'false'. You need either to explicitly disable SSL by setting useSSL=false, or set useSSL=true and provide truststore for server certificate verification.
]]></system-err>
  </testcase>
  <testcase name="testSelectStudent2" classname="cn.bj.TestMybatis" time="0.011">
    <error message="&#10;### Error querying database.  Cause: com.mysql.jdbc.exceptions.jdbc4.MySQLSyntaxErrorException: Table &apos;sys.student&apos; doesn&apos;t exist&#10;### The error may exist in cn/bj/dao/StudentDao.xml&#10;### The error may involve defaultParameterMap&#10;### The error occurred while setting parameters&#10;### SQL: select * from student where id=?&#10;### Cause: com.mysql.jdbc.exceptions.jdbc4.MySQLSyntaxErrorException: Table &apos;sys.student&apos; doesn&apos;t exist" type="org.apache.ibatis.exceptions.PersistenceException">org.apache.ibatis.exceptions.PersistenceException: 

### Error querying database.  Cause: com.mysql.jdbc.exceptions.jdbc4.MySQLSyntaxErrorException: Table 'sys.student' doesn't exist
### The error may exist in cn/bj/dao/StudentDao.xml
### The error may involve defaultParameterMap
### The error occurred while setting parameters
### SQL: select * from student where id=?
### Cause: com.mysql.jdbc.exceptions.jdbc4.MySQLSyntaxErrorException: Table 'sys.student' doesn't exist
	at cn.bj.TestMybatis.testSelectStudent2(TestMybatis.java:63)
Caused by: com.mysql.jdbc.exceptions.jdbc4.MySQLSyntaxErrorException: Table 'sys.student' doesn't exist
	at cn.bj.TestMybatis.testSelectStudent2(TestMybatis.java:63)
</error>
    <system-out><![CDATA[Cache Hit Ratio [cn.bj.dao.StudentDao]: 0.0
Opening JDBC Connection
Created connection 1890627974.
Setting autocommit to false on JDBC Connection [com.mysql.jdbc.JDBC4Connection@70b0b186]
==>  Preparing: select * from student where id=? 
==> Parameters: 1001(Integer)
]]></system-out>
    <system-err><![CDATA[Mon Jun 28 13:16:51 CST 2021 WARN: Establishing SSL connection without server's identity verification is not recommended. According to MySQL 5.5.45+, 5.6.26+ and 5.7.6+ requirements SSL connection must be established by default if explicit option isn't set. For compliance with existing applications not using SSL the verifyServerCertificate property is set to 'false'. You need either to explicitly disable SSL by setting useSSL=false, or set useSSL=true and provide truststore for server certificate verification.
]]></system-err>
  </testcase>
</testsuite>